<?xml version="1.0" encoding="UTF-8"?>
<!-- Generated by org.testng.reporters.JUnitReportReporter -->
<testsuite hostname="CHETUIWK1648" failures="0" tests="3" name="com.tutorialninja.qa.testcases.SearchTest" time="42.013" errors="0" timestamp="2025-01-23T16:45:55 IST" skipped="0">
  <testcase classname="com.tutorialninja.qa.testcases.SearchTest" name="verifySearchwithValidProduct" time="14.089"/>
  <testcase classname="com.tutorialninja.qa.testcases.SearchTest" name="verifySearchWithInvalidProduct" time="13.612"/>
  <testcase classname="com.tutorialninja.qa.testcases.SearchTest" name="verifySearchWithOutAnyProduct" time="14.312"/>
</testsuite> <!-- com.tutorialninja.qa.testcases.SearchTest -->
