<?xml version="1.0" encoding="UTF-8"?>
<!-- Generated by org.testng.reporters.JUnitReportReporter -->
<testsuite hostname="CHETUIWK1648" failures="0" tests="7" name="com.tutorialninja.qa.testcases.LoginTest" time="105.651" errors="0" timestamp="2025-01-23T16:45:55 IST" skipped="0">
  <testcase classname="com.tutorialninja.qa.testcases.LoginTest" name="verifyLoginWithValidCredentials" time="15.519"/>
  <testcase classname="com.tutorialninja.qa.testcases.LoginTest" name="verifyLoginWithValidCredentials" time="15.373"/>
  <testcase classname="com.tutorialninja.qa.testcases.LoginTest" name="verifyLoginWithValidCredentials" time="14.304"/>
  <testcase classname="com.tutorialninja.qa.testcases.LoginTest" name="verifyLoginWithInvalidCredentials" time="15.322"/>
  <testcase classname="com.tutorialninja.qa.testcases.LoginTest" name="verifyLoginWithInValidEmailandValidPassword" time="16.787"/>
  <testcase classname="com.tutorialninja.qa.testcases.LoginTest" name="VerifyLoginWithValidEmailandInvalidPassword" time="14.647"/>
  <testcase classname="com.tutorialninja.qa.testcases.LoginTest" name="VerifyLoginWithoutCredentials" time="13.699"/>
</testsuite> <!-- com.tutorialninja.qa.testcases.LoginTest -->
