<?xml version="1.0" encoding="UTF-8"?>
<!-- Generated by org.testng.reporters.JUnitReportReporter -->
<testsuite hostname="CHETUIWK1648" failures="0" tests="4" name="com.tutorialninja.qa.testcases.RegisterTest" time="62.739" errors="0" timestamp="2025-01-23T16:45:55 IST" skipped="0">
  <testcase classname="com.tutorialninja.qa.testcases.RegisterTest" name="verifyRegisteringAnAccountWithMandatoryFields" time="15.623"/>
  <testcase classname="com.tutorialninja.qa.testcases.RegisterTest" name="verifyRegisteringAnAccountWithAllFields" time="16.030"/>
  <testcase classname="com.tutorialninja.qa.testcases.RegisterTest" name="verifyRegisteringAnAccountWithAnExistingEmail" time="16.160"/>
  <testcase classname="com.tutorialninja.qa.testcases.RegisterTest" name="verifyRegisteringAnAccountWithoutFillingAnyDetails" time="14.926"/>
</testsuite> <!-- com.tutorialninja.qa.testcases.RegisterTest -->
